
	Distribution Summary

Distribution:	Empirical    
Expression:	CONT or DISC (0.000, 49.999,
                              0.055, 52.499,
                              0.091, 54.999,
                              0.145, 57.499,
                              0.181, 59.999,
                              0.214, 62.499,
                              0.229, 64.999,
                              0.252, 67.499,
                              0.267, 69.999,
                              0.290, 72.499,
                              0.305, 75.000,
                              0.327, 77.500,
                              0.342, 80.000,
                              0.364, 82.500,
                              0.379, 85.000,
                              0.401, 87.500,
                              0.417, 90.000,
                              0.439, 92.500,
                              0.454, 95.000,
                              0.477, 97.500,
                              0.499, 100.000,
                              0.519, 102.500,
                              0.549, 105.000,
                              0.569, 107.500,
                              0.599, 110.000,
                              0.619, 112.500,
                              0.649, 115.000,
                              0.669, 117.500,
                              0.700, 120.000,
                              0.719, 122.500,
                              0.750, 125.001,
                              0.770, 127.501,
                              0.800, 130.001,
                              0.820, 132.501,
                              0.850, 135.001,
                              0.870, 137.501,
                              0.900, 140.001,
                              0.920, 142.501,
                              0.950, 145.001,
                              0.970, 147.501,
                              0.970, 150.001)


	Data Summary

Number of Data Points	= 1000000
Min Data Value       	= 50
Max Data Value       	= 150
Sample Mean          	= 97.9
Sample Std Dev       	= 31.4

	Histogram Summary

Histogram Range    	= 50 to 150
Number of Intervals	= 40

